android/app/build/intermediates/manifest_merge_blame_file/debug/manifest-merger-blame-debug-report.txt
1<?xml version="1.0" encoding="utf-8"?>
2<manifest xmlns:android="http://schemas.android.com/apk/res/android"
3    package="com.tasktigersprovider.app"
4    android:versionCode="1"
5    android:versionName="1.0" >
6
7    <uses-sdk
8        android:minSdkVersion="22"
9        android:targetSdkVersion="34" />
10
11    <!-- Permissions -->
12
13    <uses-permission android:name="android.permission.INTERNET" />
13-->src\main\AndroidManifest.xml:40:5-67
13-->src\main\AndroidManifest.xml:40:22-64
14    <uses-permission android:name="android.permission.WAKE_LOCK" />
14-->src\main\AndroidManifest.xml:41:3-66
14-->src\main\AndroidManifest.xml:41:20-63
15    <uses-permission android:name="android.permission.RECEIVE_BOOT_COMPLETED" />
15-->src\main\AndroidManifest.xml:42:3-79
15-->src\main\AndroidManifest.xml:42:20-76
16    <uses-permission android:name="android.permission.ACCESS_FINE_LOCATION" />
16-->src\main\AndroidManifest.xml:43:3-76
16-->src\main\AndroidManifest.xml:43:20-74
17    <uses-permission android:name="android.permission.ACCESS_COARSE_LOCATION" />
17-->src\main\AndroidManifest.xml:44:3-78
17-->src\main\AndroidManifest.xml:44:20-76
18    <uses-permission android:name="android.permission.ACCESS_NETWORK_STATE" />
18-->[:capacitor-network] AndroidManifest.xml:7:5-79
18-->[:capacitor-network] AndroidManifest.xml:7:22-76
19    <uses-permission android:name="android.permission.POST_NOTIFICATIONS" /> <!-- Required by older versions of Google Play services to create IID tokens -->
19-->[com.google.firebase:firebase-messaging:24.0.0] AndroidManifest.xml:23:5-77
19-->[com.google.firebase:firebase-messaging:24.0.0] AndroidManifest.xml:23:22-74
20    <uses-permission android:name="com.google.android.c2dm.permission.RECEIVE" />
20-->[com.google.firebase:firebase-messaging:24.0.0] AndroidManifest.xml:26:5-82
20-->[com.google.firebase:firebase-messaging:24.0.0] AndroidManifest.xml:26:22-79
21
22    <permission
22-->[androidx.core:core:1.12.0] AndroidManifest.xml:22:5-24:47
23        android:name="com.tasktigersprovider.app.DYNAMIC_RECEIVER_NOT_EXPORTED_PERMISSION"
23-->[androidx.core:core:1.12.0] AndroidManifest.xml:23:9-81
24        android:protectionLevel="signature" />
24-->[androidx.core:core:1.12.0] AndroidManifest.xml:24:9-44
25
26    <uses-permission android:name="com.tasktigersprovider.app.DYNAMIC_RECEIVER_NOT_EXPORTED_PERMISSION" />
26-->[androidx.core:core:1.12.0] AndroidManifest.xml:26:5-97
26-->[androidx.core:core:1.12.0] AndroidManifest.xml:26:22-94
27
28    <application
28-->src\main\AndroidManifest.xml:4:5-36:19
29        android:allowBackup="true"
29-->src\main\AndroidManifest.xml:5:9-35
30        android:appComponentFactory="androidx.core.app.CoreComponentFactory"
30-->[androidx.core:core:1.12.0] AndroidManifest.xml:28:18-86
31        android:debuggable="true"
32        android:extractNativeLibs="true"
33        android:icon="@mipmap/ic_launcher"
33-->src\main\AndroidManifest.xml:6:9-43
34        android:label="@string/app_name"
34-->src\main\AndroidManifest.xml:7:9-41
35        android:roundIcon="@mipmap/ic_launcher_round"
35-->src\main\AndroidManifest.xml:8:9-54
36        android:supportsRtl="true"
36-->src\main\AndroidManifest.xml:9:9-35
37        android:theme="@style/AppTheme" >
37-->src\main\AndroidManifest.xml:10:9-40
38        <activity
38-->src\main\AndroidManifest.xml:12:9-25:20
39            android:name="com.tasktigersprovider.app.MainActivity"
39-->src\main\AndroidManifest.xml:14:13-41
40            android:configChanges="orientation|keyboardHidden|keyboard|screenSize|locale|smallestScreenSize|screenLayout|uiMode"
40-->src\main\AndroidManifest.xml:13:13-129
41            android:exported="true"
41-->src\main\AndroidManifest.xml:18:13-36
42            android:label="@string/title_activity_main"
42-->src\main\AndroidManifest.xml:15:13-56
43            android:launchMode="singleTask"
43-->src\main\AndroidManifest.xml:17:13-44
44            android:theme="@style/AppTheme.NoActionBarLaunch" >
44-->src\main\AndroidManifest.xml:16:13-62
45            <intent-filter>
45-->src\main\AndroidManifest.xml:20:13-23:29
46                <action android:name="android.intent.action.MAIN" />
46-->src\main\AndroidManifest.xml:21:17-69
46-->src\main\AndroidManifest.xml:21:25-66
47
48                <category android:name="android.intent.category.LAUNCHER" />
48-->src\main\AndroidManifest.xml:22:17-77
48-->src\main\AndroidManifest.xml:22:27-74
49            </intent-filter>
50        </activity>
51
52        <provider
53            android:name="androidx.core.content.FileProvider"
53-->src\main\AndroidManifest.xml:28:13-62
54            android:authorities="com.tasktigersprovider.app.fileprovider"
54-->src\main\AndroidManifest.xml:29:13-64
55            android:exported="false"
55-->src\main\AndroidManifest.xml:30:13-37
56            android:grantUriPermissions="true" >
56-->src\main\AndroidManifest.xml:31:13-47
57            <meta-data
57-->src\main\AndroidManifest.xml:32:13-34:64
58                android:name="android.support.FILE_PROVIDER_PATHS"
58-->src\main\AndroidManifest.xml:33:17-67
59                android:resource="@xml/file_paths" />
59-->src\main\AndroidManifest.xml:34:17-51
60        </provider>
61
62        <service
62-->[:capacitor-push-notifications] AndroidManifest.xml:8:9-14:19
63            android:name="com.capacitorjs.plugins.pushnotifications.MessagingService"
63-->[:capacitor-push-notifications] AndroidManifest.xml:9:13-86
64            android:exported="false" >
64-->[:capacitor-push-notifications] AndroidManifest.xml:10:13-37
65            <intent-filter>
65-->[:capacitor-push-notifications] AndroidManifest.xml:11:13-13:29
66                <action android:name="com.google.firebase.MESSAGING_EVENT" />
66-->[:capacitor-push-notifications] AndroidManifest.xml:12:17-78
66-->[:capacitor-push-notifications] AndroidManifest.xml:12:25-75
67            </intent-filter>
68        </service>
69
70        <receiver
70-->[com.google.firebase:firebase-messaging:24.0.0] AndroidManifest.xml:29:9-40:20
71            android:name="com.google.firebase.iid.FirebaseInstanceIdReceiver"
71-->[com.google.firebase:firebase-messaging:24.0.0] AndroidManifest.xml:30:13-78
72            android:exported="true"
72-->[com.google.firebase:firebase-messaging:24.0.0] AndroidManifest.xml:31:13-36
73            android:permission="com.google.android.c2dm.permission.SEND" >
73-->[com.google.firebase:firebase-messaging:24.0.0] AndroidManifest.xml:32:13-73
74            <intent-filter>
74-->[com.google.firebase:firebase-messaging:24.0.0] AndroidManifest.xml:33:13-35:29
75                <action android:name="com.google.android.c2dm.intent.RECEIVE" />
75-->[com.google.firebase:firebase-messaging:24.0.0] AndroidManifest.xml:34:17-81
75-->[com.google.firebase:firebase-messaging:24.0.0] AndroidManifest.xml:34:25-78
76            </intent-filter>
77
78            <meta-data
78-->[com.google.firebase:firebase-messaging:24.0.0] AndroidManifest.xml:37:13-39:40
79                android:name="com.google.android.gms.cloudmessaging.FINISHED_AFTER_HANDLED"
79-->[com.google.firebase:firebase-messaging:24.0.0] AndroidManifest.xml:38:17-92
80                android:value="true" />
80-->[com.google.firebase:firebase-messaging:24.0.0] AndroidManifest.xml:39:17-37
81        </receiver>
82        <!--
83             FirebaseMessagingService performs security checks at runtime,
84             but set to not exported to explicitly avoid allowing another app to call it.
85        -->
86        <service
86-->[com.google.firebase:firebase-messaging:24.0.0] AndroidManifest.xml:46:9-53:19
87            android:name="com.google.firebase.messaging.FirebaseMessagingService"
87-->[com.google.firebase:firebase-messaging:24.0.0] AndroidManifest.xml:47:13-82
88            android:directBootAware="true"
88-->[com.google.firebase:firebase-messaging:24.0.0] AndroidManifest.xml:48:13-43
89            android:exported="false" >
89-->[com.google.firebase:firebase-messaging:24.0.0] AndroidManifest.xml:49:13-37
90            <intent-filter android:priority="-500" >
90-->[:capacitor-push-notifications] AndroidManifest.xml:11:13-13:29
91                <action android:name="com.google.firebase.MESSAGING_EVENT" />
91-->[:capacitor-push-notifications] AndroidManifest.xml:12:17-78
91-->[:capacitor-push-notifications] AndroidManifest.xml:12:25-75
92            </intent-filter>
93        </service>
94        <service
94-->[com.google.firebase:firebase-messaging:24.0.0] AndroidManifest.xml:54:9-63:19
95            android:name="com.google.firebase.components.ComponentDiscoveryService"
95-->[com.google.firebase:firebase-messaging:24.0.0] AndroidManifest.xml:55:13-84
96            android:directBootAware="true"
96-->[com.google.firebase:firebase-common:21.0.0] AndroidManifest.xml:32:13-43
97            android:exported="false" >
97-->[com.google.firebase:firebase-messaging:24.0.0] AndroidManifest.xml:56:13-37
98            <meta-data
98-->[com.google.firebase:firebase-messaging:24.0.0] AndroidManifest.xml:57:13-59:85
99                android:name="com.google.firebase.components:com.google.firebase.messaging.FirebaseMessagingKtxRegistrar"
99-->[com.google.firebase:firebase-messaging:24.0.0] AndroidManifest.xml:58:17-122
100                android:value="com.google.firebase.components.ComponentRegistrar" />
100-->[com.google.firebase:firebase-messaging:24.0.0] AndroidManifest.xml:59:17-82
101            <meta-data
101-->[com.google.firebase:firebase-messaging:24.0.0] AndroidManifest.xml:60:13-62:85
102                android:name="com.google.firebase.components:com.google.firebase.messaging.FirebaseMessagingRegistrar"
102-->[com.google.firebase:firebase-messaging:24.0.0] AndroidManifest.xml:61:17-119
103                android:value="com.google.firebase.components.ComponentRegistrar" />
103-->[com.google.firebase:firebase-messaging:24.0.0] AndroidManifest.xml:62:17-82
104            <meta-data
104-->[com.google.firebase:firebase-datatransport:18.2.0] AndroidManifest.xml:25:13-27:85
105                android:name="com.google.firebase.components:com.google.firebase.datatransport.TransportRegistrar"
105-->[com.google.firebase:firebase-datatransport:18.2.0] AndroidManifest.xml:26:17-115
106                android:value="com.google.firebase.components.ComponentRegistrar" />
106-->[com.google.firebase:firebase-datatransport:18.2.0] AndroidManifest.xml:27:17-82
107            <meta-data
107-->[com.google.firebase:firebase-installations:18.0.0] AndroidManifest.xml:15:13-17:85
108                android:name="com.google.firebase.components:com.google.firebase.installations.FirebaseInstallationsKtxRegistrar"
108-->[com.google.firebase:firebase-installations:18.0.0] AndroidManifest.xml:16:17-130
109                android:value="com.google.firebase.components.ComponentRegistrar" />
109-->[com.google.firebase:firebase-installations:18.0.0] AndroidManifest.xml:17:17-82
110            <meta-data
110-->[com.google.firebase:firebase-installations:18.0.0] AndroidManifest.xml:18:13-20:85
111                android:name="com.google.firebase.components:com.google.firebase.installations.FirebaseInstallationsRegistrar"
111-->[com.google.firebase:firebase-installations:18.0.0] AndroidManifest.xml:19:17-127
112                android:value="com.google.firebase.components.ComponentRegistrar" />
112-->[com.google.firebase:firebase-installations:18.0.0] AndroidManifest.xml:20:17-82
113            <meta-data
113-->[com.google.firebase:firebase-common-ktx:21.0.0] AndroidManifest.xml:12:13-14:85
114                android:name="com.google.firebase.components:com.google.firebase.ktx.FirebaseCommonLegacyRegistrar"
114-->[com.google.firebase:firebase-common-ktx:21.0.0] AndroidManifest.xml:13:17-116
115                android:value="com.google.firebase.components.ComponentRegistrar" />
115-->[com.google.firebase:firebase-common-ktx:21.0.0] AndroidManifest.xml:14:17-82
116            <meta-data
116-->[com.google.firebase:firebase-common:21.0.0] AndroidManifest.xml:35:13-37:85
117                android:name="com.google.firebase.components:com.google.firebase.FirebaseCommonKtxRegistrar"
117-->[com.google.firebase:firebase-common:21.0.0] AndroidManifest.xml:36:17-109
118                android:value="com.google.firebase.components.ComponentRegistrar" />
118-->[com.google.firebase:firebase-common:21.0.0] AndroidManifest.xml:37:17-82
119        </service>
120        <service
120-->[com.google.android.datatransport:transport-backend-cct:3.1.9] AndroidManifest.xml:28:9-34:19
121            android:name="com.google.android.datatransport.runtime.backends.TransportBackendDiscovery"
121-->[com.google.android.datatransport:transport-backend-cct:3.1.9] AndroidManifest.xml:29:13-103
122            android:exported="false" >
122-->[com.google.android.datatransport:transport-backend-cct:3.1.9] AndroidManifest.xml:30:13-37
123            <meta-data
123-->[com.google.android.datatransport:transport-backend-cct:3.1.9] AndroidManifest.xml:31:13-33:39
124                android:name="backend:com.google.android.datatransport.cct.CctBackendFactory"
124-->[com.google.android.datatransport:transport-backend-cct:3.1.9] AndroidManifest.xml:32:17-94
125                android:value="cct" />
125-->[com.google.android.datatransport:transport-backend-cct:3.1.9] AndroidManifest.xml:33:17-36
126        </service>
127        <service
127-->[com.google.android.datatransport:transport-runtime:3.1.9] AndroidManifest.xml:26:9-30:19
128            android:name="com.google.android.datatransport.runtime.scheduling.jobscheduling.JobInfoSchedulerService"
128-->[com.google.android.datatransport:transport-runtime:3.1.9] AndroidManifest.xml:27:13-117
129            android:exported="false"
129-->[com.google.android.datatransport:transport-runtime:3.1.9] AndroidManifest.xml:28:13-37
130            android:permission="android.permission.BIND_JOB_SERVICE" >
130-->[com.google.android.datatransport:transport-runtime:3.1.9] AndroidManifest.xml:29:13-69
131        </service>
132
133        <receiver
133-->[com.google.android.datatransport:transport-runtime:3.1.9] AndroidManifest.xml:32:9-34:40
134            android:name="com.google.android.datatransport.runtime.scheduling.jobscheduling.AlarmManagerSchedulerBroadcastReceiver"
134-->[com.google.android.datatransport:transport-runtime:3.1.9] AndroidManifest.xml:33:13-132
135            android:exported="false" />
135-->[com.google.android.datatransport:transport-runtime:3.1.9] AndroidManifest.xml:34:13-37
136
137        <provider
137-->[com.google.firebase:firebase-common:21.0.0] AndroidManifest.xml:23:9-28:39
138            android:name="com.google.firebase.provider.FirebaseInitProvider"
138-->[com.google.firebase:firebase-common:21.0.0] AndroidManifest.xml:24:13-77
139            android:authorities="com.tasktigersprovider.app.firebaseinitprovider"
139-->[com.google.firebase:firebase-common:21.0.0] AndroidManifest.xml:25:13-72
140            android:directBootAware="true"
140-->[com.google.firebase:firebase-common:21.0.0] AndroidManifest.xml:26:13-43
141            android:exported="false"
141-->[com.google.firebase:firebase-common:21.0.0] AndroidManifest.xml:27:13-37
142            android:initOrder="100" />
142-->[com.google.firebase:firebase-common:21.0.0] AndroidManifest.xml:28:13-36
143
144        <activity
144-->[com.google.android.gms:play-services-base:18.0.1] AndroidManifest.xml:20:9-22:45
145            android:name="com.google.android.gms.common.api.GoogleApiActivity"
145-->[com.google.android.gms:play-services-base:18.0.1] AndroidManifest.xml:20:19-85
146            android:exported="false"
146-->[com.google.android.gms:play-services-base:18.0.1] AndroidManifest.xml:22:19-43
147            android:theme="@android:style/Theme.Translucent.NoTitleBar" />
147-->[com.google.android.gms:play-services-base:18.0.1] AndroidManifest.xml:21:19-78
148
149        <provider
149-->[androidx.emoji2:emoji2:1.2.0] AndroidManifest.xml:24:9-32:20
150            android:name="androidx.startup.InitializationProvider"
150-->[androidx.emoji2:emoji2:1.2.0] AndroidManifest.xml:25:13-67
151            android:authorities="com.tasktigersprovider.app.androidx-startup"
151-->[androidx.emoji2:emoji2:1.2.0] AndroidManifest.xml:26:13-68
152            android:exported="false" >
152-->[androidx.emoji2:emoji2:1.2.0] AndroidManifest.xml:27:13-37
153            <meta-data
153-->[androidx.emoji2:emoji2:1.2.0] AndroidManifest.xml:29:13-31:52
154                android:name="androidx.emoji2.text.EmojiCompatInitializer"
154-->[androidx.emoji2:emoji2:1.2.0] AndroidManifest.xml:30:17-75
155                android:value="androidx.startup" />
155-->[androidx.emoji2:emoji2:1.2.0] AndroidManifest.xml:31:17-49
156            <meta-data
156-->[androidx.lifecycle:lifecycle-process:2.6.1] AndroidManifest.xml:29:13-31:52
157                android:name="androidx.lifecycle.ProcessLifecycleInitializer"
157-->[androidx.lifecycle:lifecycle-process:2.6.1] AndroidManifest.xml:30:17-78
158                android:value="androidx.startup" />
158-->[androidx.lifecycle:lifecycle-process:2.6.1] AndroidManifest.xml:31:17-49
159            <meta-data
159-->[androidx.profileinstaller:profileinstaller:1.3.0] AndroidManifest.xml:29:13-31:52
160                android:name="androidx.profileinstaller.ProfileInstallerInitializer"
160-->[androidx.profileinstaller:profileinstaller:1.3.0] AndroidManifest.xml:30:17-85
161                android:value="androidx.startup" />
161-->[androidx.profileinstaller:profileinstaller:1.3.0] AndroidManifest.xml:31:17-49
162        </provider>
163
164        <meta-data
164-->[com.google.android.gms:play-services-basement:18.3.0] AndroidManifest.xml:21:9-23:69
165            android:name="com.google.android.gms.version"
165-->[com.google.android.gms:play-services-basement:18.3.0] AndroidManifest.xml:22:13-58
166            android:value="@integer/google_play_services_version" />
166-->[com.google.android.gms:play-services-basement:18.3.0] AndroidManifest.xml:23:13-66
167
168        <receiver
168-->[androidx.profileinstaller:profileinstaller:1.3.0] AndroidManifest.xml:34:9-52:20
169            android:name="androidx.profileinstaller.ProfileInstallReceiver"
169-->[androidx.profileinstaller:profileinstaller:1.3.0] AndroidManifest.xml:35:13-76
170            android:directBootAware="false"
170-->[androidx.profileinstaller:profileinstaller:1.3.0] AndroidManifest.xml:36:13-44
171            android:enabled="true"
171-->[androidx.profileinstaller:profileinstaller:1.3.0] AndroidManifest.xml:37:13-35
172            android:exported="true"
172-->[androidx.profileinstaller:profileinstaller:1.3.0] AndroidManifest.xml:38:13-36
173            android:permission="android.permission.DUMP" >
173-->[androidx.profileinstaller:profileinstaller:1.3.0] AndroidManifest.xml:39:13-57
174            <intent-filter>
174-->[androidx.profileinstaller:profileinstaller:1.3.0] AndroidManifest.xml:40:13-42:29
175                <action android:name="androidx.profileinstaller.action.INSTALL_PROFILE" />
175-->[androidx.profileinstaller:profileinstaller:1.3.0] AndroidManifest.xml:41:17-91
175-->[androidx.profileinstaller:profileinstaller:1.3.0] AndroidManifest.xml:41:25-88
176            </intent-filter>
177            <intent-filter>
177-->[androidx.profileinstaller:profileinstaller:1.3.0] AndroidManifest.xml:43:13-45:29
178                <action android:name="androidx.profileinstaller.action.SKIP_FILE" />
178-->[androidx.profileinstaller:profileinstaller:1.3.0] AndroidManifest.xml:44:17-85
178-->[androidx.profileinstaller:profileinstaller:1.3.0] AndroidManifest.xml:44:25-82
179            </intent-filter>
180            <intent-filter>
180-->[androidx.profileinstaller:profileinstaller:1.3.0] AndroidManifest.xml:46:13-48:29
181                <action android:name="androidx.profileinstaller.action.SAVE_PROFILE" />
181-->[androidx.profileinstaller:profileinstaller:1.3.0] AndroidManifest.xml:47:17-88
181-->[androidx.profileinstaller:profileinstaller:1.3.0] AndroidManifest.xml:47:25-85
182            </intent-filter>
183            <intent-filter>
183-->[androidx.profileinstaller:profileinstaller:1.3.0] AndroidManifest.xml:49:13-51:29
184                <action android:name="androidx.profileinstaller.action.BENCHMARK_OPERATION" />
184-->[androidx.profileinstaller:profileinstaller:1.3.0] AndroidManifest.xml:50:17-95
184-->[androidx.profileinstaller:profileinstaller:1.3.0] AndroidManifest.xml:50:25-92
185            </intent-filter>
186        </receiver>
187    </application>
188
189</manifest>